---------------------------------------------------------------------------------------------------------------------------------------
      name:  <unnamed>
       log:  C:\Users\rh2845\Documents\TANFIGE\JPE-R3\Code_Data_R3_v3\JPE-MS-2017407_figures_tables_15Aug2021_08_57_53.log
  log type:  text
 opened on:  15 Aug 2021, 08:57:53

. 
. 
. /*******************************************************************************
> ********************************************************************************
> 
>   "Welfare Reform and the Intergenerational Transmission of Dependence"
>     Robert Paul Hartley, Carlos Lamarche, and James P. Ziliak
>     Journal of Political Economy, accepted July 22, 2021
>     Manuscript: Estimation for Figures and Tables
>         
>         Separate files for reproducing each figure and table prepared for the
>         final manuscript are run below. Each figure/table .do file can be run
>         separately given the required files below are in the same directory. 
>         
>         Required files:
>             1.  JPE-MS-2017407_preamble.do [macros and statistical programs]
>             2.  JPE-MS-2017407_rolling-cohort_trends_data.dta
>             3.  JPE-MS-2017407_within-regime_cross-sectional_data.dta
>             4.  JPE-MS-2017407_panel_data.dta
>             5.  JPE-MS-2017407_state-level_data.dta
>                 
>         The JPE-MS-2017407_preamble.do file establishes a set of macros and 
>         statistical programs used throughout, and it will automatically install
>         three required ado files if not currently available (estout, ivreg2, 
>         and ranktest):
>         
>             // See JPE-MS-2017407_preamble.do:
>             foreach a in estout ivreg2 ranktest {
>                 capture which `a'
>                 if (_rc != 0) ssc install `a'
>             }
>         
>         The number of bootstrap replications is set at BN = 1000
>         (see "Bootstrap settings" below).
>         
> ********************************************************************************
> *******************************************************************************/
. 
. ********************************************************************************
. ********************************************************************************
. /* ESTIMATION */
. ********************************************************************************
. ********************************************************************************
. 
. /* Bootstrap settings */
. global BN = 1000  // number of bootstrap replications

. global run_bootstrap = 1  // set == 1 to run bootstrap estimation; else == 0

. 
. /* Manuscript figures */
. foreach f of numlist 1/6 {
  2.         run JPE-MS-2017407_Figure_`f'
  3. }

*****************************************************************
FIGURE 1. TRENDS IN AFDC/TANF, FOOD STAMP/SNAP, SSI RECIPIENTS
*****************************************************************


Summary statistics: Mean
Group variable: year (Year)

    year |             afdctanf                 snap                  ssi
---------+---------------------------------------------------------------
    1960 |            2,769,111                    .                    .
    1961 |            3,014,304                    .                    .
    1962 |            3,412,177                    .                    .
    1963 |            3,679,172                    .                    .
    1964 |            3,914,640                    .                    .
    1965 |            4,173,666                    .                    .
    1966 |            4,311,706                    .                    .
    1967 |            4,673,583                    .                    .
    1968 |            5,336,917                    .                    .
    1969 |            6,202,775            2,878,113                    .
    1970 |            7,659,608            4,340,031                    .
    1971 |            9,670,557            9,367,908                    .
    1972 |           10,537,577           11,109,074                    .
    1973 |           10,729,995           12,165,682                    .
    1974 |           10,568,817           12,861,526            3,248,949
    1975 |           10,970,161           17,064,196            4,314,000
    1976 |           11,128,175           18,548,716            4,359,625
    1977 |           10,911,923           17,077,150            4,285,340
    1978 |           10,475,487           16,000,835            4,287,044
    1979 |           10,139,343           17,652,890            4,265,483
    1980 |           10,421,726           19,161,759            4,142,000
    1981 |           10,978,598           20,566,096            4,019,000
    1982 |           10,233,369           20,300,704            3,858,000
    1983 |           10,466,822           21,565,357            3,901,000
    1984 |           10,676,775           20,795,527            4,029,000
    1985 |           10,629,560           19,846,973            4,138,000
    1986 |           10,810,095           19,381,506            4,269,000
    1987 |           10,878,217           19,072,068            4,385,000
    1988 |           10,734,300           18,613,440            4,464,000
    1989 |           10,741,175           18,777,613            4,593,000
    1990 |           11,263,460           20,037,502            4,817,000
    1991 |           12,390,694           22,599,036            5,118,000
    1992 |           13,422,612           25,369,330            5,566,000
    1993 |           13,943,414           26,952,265            5,984,000
    1994 |           14,032,535           27,433,591            6,296,000
    1995 |           13,479,810           26,575,129            6,514,000
    1996 |           12,477,219           25,492,071            6,614,000
    1997 |           10,779,073           22,816,333            6,495,000
    1998 |            8,661,301           19,743,644            6,566,000
    1999 |            7,068,430           18,145,971            6,557,000
    2000 |            6,218,564           17,101,326            6,602,000
    2001 |            5,674,216           17,277,416            6,688,000
    2002 |            5,575,981           19,056,893            6,788,000
    2003 |            5,451,922           21,222,374            6,902,000
    2004 |            5,317,127           23,818,509            6,988,000
    2005 |            5,063,798           25,686,233            7,114,000
    2006 |            4,698,638           26,630,566            7,236,000
    2007 |            4,099,979           26,428,669            7,360,000
    2008 |            3,949,377           28,368,394            7,521,000
    2009 |            4,217,012           33,674,475            7,677,000
    2010 |            4,551,313           40,244,626            7,912,000
    2011 |            4,557,273           44,645,443            8,113,000
    2012 |            4,548,501           46,540,521            8,263,000
-------------------------------------------------------------------------
file JPE-MS-2017407_Figure_1_output.csv saved

********************************************************************************
FIGURE 2. TRENDS IN INTERGENERATIONAL CORRELATIONS OF
INCOME STATUS AND WELFARE PARTICIPATION
********************************************************************************


IGE[35,7]
            INC       POV1       POV2      maxW2      maxW1      avgW2      avgW1
1978  .23748518  .20481111  .21677556  .17338855  .20568012  .16878464  .14975891
1979  .24310067  .18437225  .20795323  .25675394  .14911778  .13975488  .10796322
1980  .22714619  .19585621   .2067597  .27091272  .19562613  .17004431  .14424199
1981  .22963991  .18337451  .21425805  .28218446  .24091698  .19380521  .16215985
1982  .23420982  .16571539   .1948918  .25730713  .24250502   .1873635  .15949001
1983  .24628069  .18173551  .17568341  .25658246  .26248092  .21346056  .17881278
1984  .26035695  .20534019  .19396163  .29993525  .30710047  .25121513  .21863333
1985   .2795806  .21546566  .20355477  .31083163  .32791296  .26999285  .23910853
1986  .30835974  .23362225  .23211752  .33132623  .30756372  .26384327  .22352501
1987  .33937057  .24192313  .24837338  .35090726  .32518669  .27655009  .22862994
1988   .3723768   .2596886  .28393743   .3756477  .34881109  .29035894  .23674631
1989   .3765472  .26910612   .2735978  .37707839   .3472055   .2888839  .23686448
1990  .38322957  .27868266  .27440085  .36904908   .3447788  .27676507  .22559244
1991  .39965232  .31076061  .27211914  .37020897  .34975423  .28320857  .23156339
1992  .41857586  .31617987  .26887079  .38908386  .36397863  .29263092  .22912132
1993  .40780251  .28557719  .26794382  .36893802    .341943  .26870287  .21098008
1994  .42754819  .29036226  .26508832  .35178669  .32553133  .25576203  .20079284
1995  .47209228  .32901251  .28773231   .3659518  .34716498  .27574005  .21326317
1996  .52110908  .35727944   .3481252  .39444682  .35917148  .28775382  .20871324
1997   .5409189  .38267928  .35895912  .39474296   .3489775  .29784277   .2158254
1998  .55621539  .40913806  .38035134  .41713095   .3525681  .30454803  .21072131
1999  .54067546  .38269023  .38611695  .42938984  .37498259  .30192905  .20953191
2000   .5586591  .40319272  .39335419  .41986272  .35103371   .2904752  .19260392
2001  .53391798  .38506806  .37595206  .41736527  .34902977  .28195478  .18282406
2002  .53215889  .39708546  .37490215  .42506809  .34999814  .28412563  .17525288
2003  .52611183    .405721  .37256888  .42730906  .34721552  .28306535  .17406354
2004  .51779039   .4145698  .35876354  .42541883  .34339534   .2796821  .16652801
2005  .54474441  .43814195  .39205853   .4223006   .3466723  .27473875  .16069525
2006  .56357077   .4287836  .40003036  .42381785  .33508892  .27751729  .15223887
2007  .56020081  .44875248  .40308759  .41048588   .3275128  .26890582  .14436939
2008  .55894029  .41065477  .40344372  .40786128  .28045069  .25840447  .12608953
2009  .50604348  .39586612  .36069925  .39936417  .26396866  .23910166  .10816645
2010  .51828874  .42323385   .3652794  .41026556  .26219755  .25213177  .10580106
2011  .54399312  .40650277  .38817368   .4309857  .25012109  .26860973  .09910158
2012  .55368388  .40397674  .40379092   .4303228  .25338278  .28150445   .0993065

********************************************************************************
FIGURE 3. INTERGENERATIONAL CORRELATIONS WITHIN PRE-/POST-REFORM REGIMES,
BY WELFARE DEFINITION
********************************************************************************


b_avg[4,8]
                Sample wts:   Sample wts:   Sample wts:   Sample wts:  Inv. daug~s:  Inv. daug~s:  Inv. daug~s:  Inv. daug~s:
                      AFDC          TANF  AFDC, SNAP~I  TANF, SNAP~I          AFDC          TANF  AFDC, SNAP~I  TANF, SNAP~I
12-18, 19-27     .20992551     .07764576     .30002603     .30469324       .227524     .08653053     .31297318     .31282537
12-16, 19-27     .21095197     .08020074     .29533276     .25886885     .22944323     .07985985     .30977323     .25272085
  12-18, -27     .21226551     .07217723     .29931208     .28754044      .2310258     .07939048      .3132558     .29380191
  12-16, -27     .21426672     .07329162     .29571119     .23078123     .23430685     .07216014     .31128795     .22447554

ll_avg[4,8]
                Sample wts:   Sample wts:   Sample wts:   Sample wts:  Inv. daug~s:  Inv. daug~s:  Inv. daug~s:  Inv. daug~s:
                      AFDC          TANF  AFDC, SNAP~I  TANF, SNAP~I          AFDC          TANF  AFDC, SNAP~I  TANF, SNAP~I
12-18, 19-27     .15703557     .01022369     .23585638     .14905481     .17262482     .02322803     .24721268     .16663795
12-16, 19-27     .15720868     .00894861     .22970867     .09105489     .17373765     .01639492     .24265478     .09722878
  12-18, -27     .16031983     .00350971      .2362534     .13281279     .17724315     .01671588     .24853753     .14644075
  12-16, -27     .16152639     .00065589     .23129459     .06366678     .17982479     .00957201      .2454118     .06621124

ul_avg[4,8]
                Sample wts:   Sample wts:   Sample wts:   Sample wts:  Inv. daug~s:  Inv. daug~s:  Inv. daug~s:  Inv. daug~s:
                      AFDC          TANF  AFDC, SNAP~I  TANF, SNAP~I          AFDC          TANF  AFDC, SNAP~I  TANF, SNAP~I
12-18, 19-27     .26281545     .14506784     .36419568     .46033168     .28242317     .14983302     .37873368     .45901278
12-16, 19-27     .26469525     .15145286     .36095685     .42668281     .28514881     .14332478     .37689169     .40821293
  12-18, -27     .26421119     .14084474     .36237076      .4422681     .28480845     .14206508     .37797407     .44116307
  12-16, -27     .26700706     .14592735      .3601278     .39789568      .2887889     .13474828     .37716411     .38273984

b_max[4,8]
                Sample wts:   Sample wts:   Sample wts:   Sample wts:  Inv. daug~s:  Inv. daug~s:  Inv. daug~s:  Inv. daug~s:
                      AFDC          TANF  AFDC, SNAP~I  TANF, SNAP~I          AFDC          TANF  AFDC, SNAP~I  TANF, SNAP~I
12-18, 19-27     .31874319     .16706954     .38623899     .42171551     .35414741     .17470591     .40854901     .38683389
12-16, 19-27     .32242699      .1669268     .38211034     .39398164     .35894371      .1589877      .4043103     .34820327
  12-18, -27     .33277972     .13800984     .38315527     .38243337     .36926138      .1401062     .40243803     .34385145
  12-16, -27     .33948466     .13553876     .38019749     .33837131     .37777053     .12243614     .39981399     .29122363

ll_max[4,8]
                Sample wts:   Sample wts:   Sample wts:   Sample wts:  Inv. daug~s:  Inv. daug~s:  Inv. daug~s:  Inv. daug~s:
                      AFDC          TANF  AFDC, SNAP~I  TANF, SNAP~I          AFDC          TANF  AFDC, SNAP~I  TANF, SNAP~I
12-18, 19-27     .23894848    -.01622914     .30431597     .28575168      .2720754     .00907615     .32733722     .24723167
12-16, 19-27     .24066173    -.03237558     .29842573     .24580755       .275679    -.01468006     .32215178     .19612597
  12-18, -27     .25330789    -.04070567     .30161017     .23739163     .28851731     -.0214903     .32216134     .19468239
  12-16, -27     .25824654    -.05936695     .29698392     .17870133     .29634596    -.04856458      .3190622     .12759128

ul_max[4,8]
                Sample wts:   Sample wts:   Sample wts:   Sample wts:  Inv. daug~s:  Inv. daug~s:  Inv. daug~s:  Inv. daug~s:
                      AFDC          TANF  AFDC, SNAP~I  TANF, SNAP~I          AFDC          TANF  AFDC, SNAP~I  TANF, SNAP~I
12-18, 19-27      .3985379     .35036822       .468162     .55767934     .43621943     .34033566      .4897608     .52643611
12-16, 19-27     .40419225     .36622917     .46579495     .54215574     .44220842     .33265546     .48646881     .50028056
  12-18, -27     .41225155     .31672535     .46470037     .52747511     .45000546      .3017027     .48271472     .49302052
  12-16, -27     .42072278     .33044447     .46341106     .49804129      .4591951     .29343687     .48056577     .45485598

********************************************************************************
FIGURE 4. YEAR-TO-YEAR PERCENT CHANGES IN DEVIATIONS FROM STATE AND YEAR
AVERAGES OF REAL AFDC/TANF BENEFIT STANDARDS FOR A FAMILY OF FOUR, BY STATE
********************************************************************************


----------------------------------------------------------------------------------------------
       |                                     State FIPS code                                  
       |       1        2        4        5       6       8        9       10      11       12
-------+--------------------------------------------------------------------------------------
Year   |                                                                                      
  1968 |    2.39        .    -7.56     0.28   -5.01    1.80     2.35     0.65   -3.08    -7.72
  1969 |  -25.38        .    45.03    19.82   -4.60   -0.34   -16.90    -4.64   12.65   137.47
  1970 |  -18.47   130.99   -15.37   -12.96   -6.90   22.76    17.75    -7.50   11.24   -10.54
  1971 |   -7.57    -5.68    -5.19    17.63   18.19   -1.19    -5.82   -16.02   -4.39    -5.48
  1972 |   61.28    -2.18    11.91    -2.96    5.94   -3.07     0.86   -19.86   -3.07     9.54
  1973 |    8.94    -4.23    -4.98    26.98   -0.10   -4.57   -13.51    -5.42   -0.88     2.15
  1974 |   18.49    -2.17   -12.72   -23.26   -1.85   -0.92    -2.31    62.68    5.36   -14.64
  1975 |    7.28    -8.21     1.24    13.26    6.01   -7.49    16.37     7.16   -0.59    11.19
  1976 |   -4.81    -5.60    -4.53    -4.88    4.53    0.33    -4.99     8.93    1.51    -5.13
  1977 |   16.30    -5.18    -3.71    60.86    8.17    1.70     6.25    -4.65   -4.80    16.00
  1978 |   -6.67     7.69     3.25    -7.27   -6.32    0.65     4.96    -6.39   -6.37    -2.84
  1979 |   -4.47    -6.35    12.13    -5.22   10.36    1.67    -0.90    -5.92    7.02    18.65
  1980 |   -2.25     8.14    -3.38    -4.21    9.20    1.87    -0.01     4.10   -6.57    -5.26
  1981 |   17.39     8.79     4.40     9.69   -5.79    7.36   -17.40     1.10   -0.06     5.41
  1982 |    6.53     7.46     0.85   -24.07    5.97   -0.70    19.09    -0.83   -1.44     1.34
  1983 |   -2.09     3.28    12.91    15.20   -4.08   -1.50    -1.02    -3.30    1.36     4.35
  1984 |    0.08    10.22    -1.93    16.43    0.86    2.84    -0.10     5.49   -2.42     9.35
  1985 |   -2.79    -0.58    -3.33    -3.05    1.77   -0.66    -0.66    -3.42    5.29     0.62
  1986 |   -7.73    -1.36    18.92    10.19    1.28   -4.86    -0.07    -1.48   -4.94    -0.79
  1987 |    1.20    -1.21    -1.38    -0.34    2.81   -1.67     1.34     2.62    8.84     3.63
  1988 |   -0.55     0.35    -2.62     4.29   -0.89   -0.10    -1.51     0.26    1.90     1.29
  1989 |    0.92     0.51    -1.92     2.65    1.43   -2.30     0.61     5.10    1.10     2.38
  1990 |    1.03     1.30    -1.76    -0.88    1.41   -2.14     0.94    -2.01    1.41     0.54
  1991 |    5.84     2.41    -1.39    -0.57   -2.54   -1.75     2.03    -0.48    2.32    -1.35
  1992 |   10.69     1.79    12.78     1.48   -5.63   -0.31    -1.47    -0.15   -4.81     5.00
  1993 |   16.35    -1.53     4.06     2.25   -6.25    0.33    -0.96     0.49   -0.04     0.83
  1994 |    1.16    -1.43    -0.43     0.57   -3.60   -0.48    -1.21    -0.39    1.79    -0.20
  1995 |    3.47    -0.82     0.85     2.51   -0.31    0.77   -17.99     0.92    0.36     1.23
  1996 |    0.04    -1.40    -0.82    -0.27   -1.22   -0.85    12.85    -0.80   -0.99    -0.69
  1997 |    2.26    -0.75     0.47     1.62   -6.47    0.41    -0.40     0.52   -4.35     0.74
  1998 |    2.70    -0.24     0.97     2.08    0.23    0.91     0.10     1.01    0.70     1.23
  1999 |    1.21    -0.67     0.12     0.82   -0.36    0.08    -0.44     0.15   -0.05     0.28
  2000 |   -1.96    -1.79    -1.85    -1.92    7.34   -1.85    -1.80    -1.86   -5.62    -1.87
  2001 |    1.63    -0.86     0.19     1.12   -0.56    0.14    -0.55     0.23    0.04     0.41
  2002 |    1.47    -0.80     0.17     1.02   -0.52    0.13    -0.51     0.21    0.03     0.38
  2003 |   12.68    -1.81    -2.21    -2.57    5.16   -2.19    -1.91    -2.23   -2.15    -2.30
  2004 |    1.03    -0.73     0.09     1.02    2.38    0.04    -0.66     0.13   -0.06     0.31
  2005 |    1.61    -1.14     0.45     1.59    1.66    0.39    -0.49     0.51    0.26     0.73
  2006 |    1.34    -1.04     0.26     1.32   -0.83    0.20   -11.80     0.30    5.63     0.52
  2007 |    0.69    -1.18    -0.15     0.68   -1.01   -0.20    -0.70    -0.11   -0.39     0.05
  2008 |   -0.43    -1.43    -0.87    -0.44   -1.34   -0.90     1.23    -0.85    2.62    -0.76
  2009 |   -1.43    -1.26   -14.93    -1.43   -4.47   19.28    -1.29    -1.35   -1.32    -1.37
  2010 |    0.17    -0.81    -0.09     0.17   -0.70   -0.47    -0.57    15.43   -0.42    -0.15
  2011 |    3.14     0.13   -14.49     3.12    2.77    1.16     3.05   -11.96    1.31     2.13
  2012 |    0.15    -1.13    19.25     0.14   -1.27   -0.67    -0.94    -0.38   -0.61    -0.26
----------------------------------------------------------------------------------------------

---------------------------------------------------------------------------------------------
       |                                    State FIPS code                                  
       |      13       15       16      17      18      19      20       21       22       23
-------+-------------------------------------------------------------------------------------
Year   |                                                                                     
  1968 |   -2.88        .    -0.86    5.03    3.14    1.32    1.28     3.12    -5.67    -3.92
  1969 |    5.65        .    -3.58   -8.78   -4.68   -4.60   -4.60    -4.64    -0.36    75.73
  1970 |   -9.52    -5.59    -5.64   -0.65   -8.65   -7.10   -3.08    -7.50   -24.76   -31.98
  1971 |   14.35    -1.19    -5.42   -9.06   50.57   -4.90   34.21   -16.74   -14.95    -5.18
  1972 |   -3.02    25.74    18.50   -3.08   -3.06   -3.07   -2.72    -3.04     5.28    -3.04
  1973 |    6.01    13.58   -17.66   -1.31   -4.79   -4.56   -4.30    -5.13    -3.16    -5.17
  1974 |  -14.00    -5.48    11.77   -6.62   16.50   15.61   -6.39   -13.35     1.11   -13.51
  1975 |  -16.07    19.18     9.96    3.69   -8.48   15.72   -0.96    47.05    48.82    36.93
  1976 |  -10.50    -1.87    -5.51   -5.48   -5.39   -5.52   -1.88    -5.36    -5.05    31.34
  1977 |  -10.36    -1.38    -4.94   -4.82    8.44   -0.76   -5.01    -4.22     3.48     3.85
  1978 |    1.75    -3.73     1.33   -0.45   -6.40    1.64   -6.34    -6.44     0.86     0.44
  1979 |   19.87    -6.44    -6.15   -6.07   -5.87    0.55   -2.73    -5.65     7.93     0.69
  1980 |   15.94    -7.38    -6.68   -0.72   11.25   -6.93   -2.34    -5.35    -4.17     0.33
  1981 |    9.04    -3.30    -0.52    5.54    0.99   -1.60   -1.04     5.03    28.05    -0.14
  1982 |   16.31    -3.25    -7.82   -1.70   -0.88   -2.28    0.38     1.16     2.03     6.11
  1983 |    3.58    -4.03    -3.46   -3.55   -3.32   -3.72   -0.69    -2.76     7.54     4.26
  1984 |    2.50    -2.97    -2.32   -2.42   -1.21   -2.62   -2.59    -1.51    -1.49     2.72
  1985 |   -0.35    -3.65    -3.72   -3.46   -4.01   -3.52   -0.91     1.36    -3.21     4.36
  1986 |    1.61    -4.56    -5.20   -0.58   -5.36    0.70    1.60    -5.94    -6.08     0.30
  1987 |   13.64    -2.03    -1.34   -1.27   -1.18   -1.74    0.87    -0.60    -0.47     2.16
  1988 |    0.19     6.65    -2.59   -2.75    6.73   -2.92   -1.30     3.14    -1.88    -0.61
  1989 |    1.13     8.30    -1.87   -2.10   -1.88    0.89    2.44     3.59    -0.88     2.72
  1990 |   -0.66     5.07     1.82    4.85   -1.72    1.45   -6.93     3.28    -0.72     0.57
  1991 |    1.07     2.15    -1.41   -1.68   -1.35    1.81   -1.88    -0.93    -0.42    -2.15
  1992 |    0.45     3.81     0.21   -0.20    0.30   -0.63    3.01     0.94     1.70    -0.91
  1993 |    1.15     2.87     0.89    0.44    0.99   -0.02    1.67     1.67     2.48    -0.34
  1994 |   -0.03     1.40     5.79   -0.41   -0.11   -0.68   -0.68     0.26     0.70    -7.62
  1995 |    1.52    -0.58     1.10    0.88    1.38    0.44   -4.12    13.29     2.71     0.31
  1996 |   -0.60    -1.32    -0.74   -0.81   -0.64   -0.96    3.74     0.15    -0.20    -1.01
  1997 |    0.94    -0.57     0.64    0.49    0.84    0.17    0.17     0.95     1.75     0.08
  1998 |    1.43   -18.08   -20.91    0.98    1.33    0.67    0.67     1.44     2.22     0.58
  1999 |    0.41    -0.38     0.66    0.13    0.35   -0.07   -0.07     0.42     0.91    -0.13
  2000 |   -1.88    -1.82     2.40   -1.85   -1.88   -1.83   -1.83    -1.88    -1.93     6.65
  2001 |    0.58    -0.48     0.80    0.20    0.50   -0.06   -0.06     0.59     1.23    -0.27
  2002 |    0.53    -0.44     0.72    0.19    0.45   -0.05   -0.06     0.54     1.12    -0.25
  2003 |   -2.36    -1.97     1.27    1.58   -2.33   -2.11   -2.11    -2.37    10.87     2.12
  2004 |    0.48    -0.59     0.60    0.03    0.40   -0.16   -0.17    -0.15     0.75    -0.44
  2005 |    0.93    -0.38     1.08    0.38    0.83    0.14    0.14     1.60     1.26    -0.20
  2006 |    0.71    -0.55     0.84    0.18    0.81   -0.04   -0.05     0.72     1.02    -0.37
  2007 |    0.20    -0.79     0.31   -0.21    0.13   -0.38   -0.39     0.21     0.44    -0.65
  2008 |   -0.68     7.82    -0.63   -0.90   -0.73   -1.00   -1.00    -0.68    -0.56    -1.14
  2009 |   -1.38    -1.29    -1.39    4.86   -1.38   -1.33   -1.32    -1.38    -1.41    -1.30
  2010 |   -0.08    -3.81    -0.02   -0.35   -0.12   -0.38   -0.38    -0.07     0.05    -0.52
  2011 |    2.37     0.66     2.54    1.52    2.25    1.43    1.42     2.39     2.75     0.99
  2012 |   -0.16    -0.90    -0.10   -0.52   -0.39   -0.56   -0.56    -0.70    -0.01    -0.74
---------------------------------------------------------------------------------------------

------------------------------------------------------------------------------------------------
       |                                      State FIPS code                                   
       |     24       25       26      27         28       29       30       31       32      33
-------+----------------------------------------------------------------------------------------
Year   |                                                                                        
  1968 |  -4.46     1.73     5.91    1.98     -36.66    -3.54    -4.82     6.20     2.04    3.36
  1969 |  -0.88     0.27     3.76    5.66     371.70     3.17    -4.61    -4.63   -18.13   -3.18
  1970 |   1.86    -0.74    -6.41   -2.18     -22.65    -9.71    -4.64    -7.24    -8.96   10.74
  1971 |  -2.31     8.16    35.27    8.95     -78.16    -5.53   -17.16    12.22    30.85   -4.82
  1972 |  -3.06    -3.09     0.55   -1.34      -0.44    -3.00    -3.06    -3.06    -3.04   -3.08
  1973 |  -4.83    -1.27    -3.27   -4.26     -54.22    30.86     6.18    -4.65    15.12   -4.37
  1974 |   4.90   -26.30     1.37    0.49    -439.78     9.14    17.27    18.49   -12.08   10.25
  1975 |   0.62    -8.31    -8.41   -3.63      17.01   -34.89   -29.22   -23.45    11.03   -8.22
  1976 |  -5.38    26.79    -4.41   -5.54     -14.30    17.81     9.41    20.61     5.66   -5.51
  1977 |   2.13    -5.08    -0.38    0.53     -52.36    57.81    11.83    -4.70     2.85   -4.95
  1978 |  -0.02    -3.13     1.30   -0.82   -1673.33     3.83    13.59    24.52    -0.30   -6.35
  1979 |   6.55    -6.21    -1.21    1.51      -3.32     1.01    -6.06    -6.16     3.35    9.09
  1980 |   6.49     6.32    -0.16    0.41       0.70     2.93    -6.44    -6.69     0.46   -6.81
  1981 |   0.62    -1.78    -1.34   -2.61      28.49     1.96     0.46     8.19     1.03   -1.08
  1982 |  -1.08    -2.52    -3.38    4.16      10.47    -0.38     6.65     3.00    -9.47   -7.19
  1983 |   5.48    -4.01     0.34   -3.95      -0.46     2.00    15.72    -3.72    -7.34   -3.57
  1984 |  -2.37    -2.48   -10.31    8.96       1.07    -2.09    -2.64    -2.62    -3.33    2.06
  1985 |   2.30     0.38     1.19    1.02      -2.53    -2.42    -3.52    -3.52    -0.80    6.49
  1986 |  -0.12     4.09     9.83   -3.59      10.95    -1.62    -4.61    -4.86    16.01   -1.88
  1987 |   3.44    10.97    -4.26   -1.34       1.30     0.98    -1.69    -1.67    -1.32    0.27
  1988 |   1.11     0.87     5.86   -3.25      -0.48    -1.62    -1.29    -2.86     9.61   16.31
  1989 |   2.56     2.54    -4.34   -2.81       1.02    -0.91    -2.30     1.16    -0.60   -0.69
  1990 |   2.54    -2.68    -2.05   -2.67       1.13    -0.24    -2.15    -2.15    -1.96   -0.64
  1991 |   0.43    -2.27    -0.45   -2.25       1.26    -0.22     0.81    -1.76    -1.58   -0.14
  1992 |  -7.19    -1.10   -11.68   -1.08       4.16     0.34     4.56    -0.32    10.45   -0.94
  1993 |  -4.15    -0.55    -0.32   -0.53       5.00     1.03     0.30     0.31    -5.45   -0.37
  1994 |   1.33     4.77    -0.84   -0.96       2.01    -0.09     2.01    -0.49    -0.18    5.05
  1995 |   2.47    -0.17     0.16   -0.03       4.83     1.42    -3.63     0.75     0.92   -0.01
  1996 |  -0.88    -3.41    -1.06   -1.12       0.47    -0.63     8.23    -0.85    -0.80   -1.11
  1997 |   1.26    -0.23    -0.03   -0.17       3.15     0.86     2.78     0.40     0.51   -0.15
  1998 |   0.82     0.27     0.47    0.33       3.54     1.35     0.57     0.89     1.01    0.35
  1999 |   0.02    -0.33    -0.20   -0.29       1.72     0.36    -0.13     0.07     0.15   -0.28
  2000 |   6.48     0.38    -1.82   -1.81      17.20    -1.88     3.86    -1.85    -2.04    1.58
  2001 |  -0.08    -0.44    -0.23   -0.35       1.63     0.52    -0.23     0.13     0.23   -0.39
  2002 |  -0.07    -0.40    -0.21   -0.33       1.47     0.47    -0.21     0.12     0.21   -0.35
  2003 |   8.61     3.59    -2.04   -2.00      -2.76    -2.34     4.62    -2.19    -2.23    4.42
  2004 |   0.34    -0.62    -0.34   -0.46       1.51     0.42   -21.56     0.03     0.13   -0.58
  2005 |   0.71    -0.43    -0.07   -0.23       2.18     0.86     5.28     0.38     0.51   -0.38
  2006 |   0.89     1.44     3.85   -0.40       1.86     0.64     7.70     0.18     0.30   -0.54
  2007 |   8.67    -0.85    -0.61   -0.66       1.09     0.15     4.56    -0.21    -0.11   -0.78
  2008 |   1.13    -1.25    -1.12   -1.15      -0.22    -0.71    -1.09    -0.90     6.00   -1.21
  2009 |  -0.04    -1.28    -0.80   -1.30      -1.47    -1.38     3.67    -1.34    -1.34    4.37
  2010 |  -0.60    -0.63    -0.51   -0.53       0.38    -0.10    -0.52    -0.29    -0.31   -0.63
  2011 |   0.75     0.66     1.04    0.96       3.76     2.28     1.01     1.71     1.65    0.65
  2012 |  -0.85    -0.89    -0.72   -0.76       0.40    -0.20    -0.74    -0.44    -0.47   -0.89
------------------------------------------------------------------------------------------------

---------------------------------------------------------------------------------------------
       |                                    State FIPS code                                  
       |      34      35       36       37      38       39      40       41      42       44
-------+-------------------------------------------------------------------------------------
Year   |                                                                                     
  1968 |    2.63   -6.79    -3.06    -9.17   -3.44     2.82   -4.18    -0.05    1.75     6.57
  1969 |    0.55   -4.65    10.18     1.50    0.68    -4.63    3.08    -5.16   32.63     9.22
  1970 |   -5.86   -8.32     2.36    -0.87   -6.88    -2.64   -7.55    -6.84    9.46   -19.39
  1971 |  -12.31   -7.38   -12.61    -4.31   13.30    -5.03   -2.13    25.57   -4.79    -4.86
  1972 |   -3.08   -3.05    -3.08    -3.03   -3.08    -3.06   -3.05    -8.31   -3.08    -3.07
  1973 |   -4.29    4.42    11.09    18.25   -4.35    -4.83   -2.74    23.48   -4.32    -4.48
  1974 |    1.28   -1.95     2.29   -12.72   -4.38   -11.46   18.13    -6.41    3.11    11.10
  1975 |   -8.20   -8.72    -5.88     3.58    3.57    27.40    6.63    17.19   -8.21    -5.28
  1976 |   -5.52   -5.28     0.69    -5.26    2.24    -5.40    4.17    -0.10    2.52     9.49
  1977 |   -4.98    5.59    -3.07    -3.75   -5.03     2.11   -2.47    -3.41   -5.04    -4.99
  1978 |   -0.58   -1.07     5.45    -6.50   -6.34     4.65    1.93   -15.53   -6.34    -6.35
  1979 |   -2.56    1.72    -6.32     1.48   -0.37     8.83    9.21    10.54   -6.16     3.34
  1980 |    1.13    7.23    -7.13    -4.83   -1.48    -6.41   -6.57    16.81   -0.24    -6.79
  1981 |   -1.51    3.05    16.56     7.15   -1.40     0.59   -0.06   -32.16   -4.94    34.58
  1982 |   -2.23    5.73   -11.77     2.17   -2.17    -1.09   -1.44    -2.18    1.88   -21.93
  1983 |   -3.70   -3.12    -3.94     2.87    3.33    -3.38   -3.48    -3.69    1.35    19.74
  1984 |   -2.60    9.40     6.81    -1.34   -2.68     2.62   -2.34     6.07   -2.61    -1.38
  1985 |    3.28   -3.39    -3.62     7.01    0.24     1.38   -3.44     1.47    3.26    -0.12
  1986 |    0.05   -5.38     0.68     4.03   -4.74    -1.33    4.58    -1.80    0.04     0.29
  1987 |   -1.81   -1.16    -2.10     4.39   -1.78    -1.48   -1.53    -1.86   -1.81    -2.06
  1988 |    1.79   -1.20     3.57     0.47   -2.95    -0.64   -2.74     0.79    1.99    -3.19
  1989 |   -2.49   -1.69    -2.84    -1.49    1.41     1.67    2.63    -0.62   -2.50    -0.05
  1990 |   -2.34   -1.53     4.56     0.59   -2.29     1.78   -2.02     0.36    2.27     2.20
  1991 |   -1.94   14.95    -2.36    -1.03    1.85    -1.68    2.95     0.62   -2.01    -0.44
  1992 |   -0.59    3.97    -1.25     0.80   -0.61    -0.19   -0.25     3.29   -0.71    -1.11
  1993 |    0.01    0.62    -0.72     1.52   -0.01     2.17   -4.04    -0.33   -0.11    -0.56
  1994 |   -0.66    8.98    -1.07     0.18    1.13    -0.44   -0.37    -0.85   -0.73    -0.98
  1995 |    0.47    6.14    -0.22     1.86    3.20     0.84   -3.69     0.15   -2.53    -0.07
  1996 |   -0.95    1.12    -1.19    -0.48   -0.99    -0.83   -0.73    -1.06    1.95    -1.13
  1997 |    0.20    0.27    -0.30     1.17    0.10     0.46    0.65    -0.03    0.11    -0.19
  1998 |    0.70    0.76     0.20     1.65    0.60     0.95    1.14     0.47    0.61     0.31
  1999 |   -0.05   -0.01    -0.38     0.55   -0.11     0.11    0.23    -0.20   -0.11    -0.30
  2000 |   -1.84    6.62    -1.80    -1.90    3.17     5.53   -5.66    -1.82   -1.83    -1.55
  2001 |   -0.04   -0.12    -0.47     0.77   -0.20     0.04    0.43    -0.24   -0.11    -0.38
  2002 |   -0.04   -0.11    -0.43     0.70   -0.18     0.04    0.39    -0.22   -0.10    -0.35
  2003 |   -2.12   -9.66    -1.95    -2.44    1.42    -2.15   -2.30    -2.04   -2.09    -1.99
  2004 |   -0.14   -0.08    16.04     0.67   -0.36    -0.06    0.33    -0.34   -0.21    -0.49
  2005 |    0.17    0.08    -0.63     1.16   -0.10     0.27    0.75    -0.08    0.08    -0.26
  2006 |   -0.02    0.21    -0.68     0.93   -0.28     7.41    0.53     8.73   -2.59    -0.43
  2007 |   -0.36   -0.31    -0.97     0.37   -0.57    -0.41    0.07    -0.68   -0.39    -0.69
  2008 |   -0.99    9.62    -1.31    -0.60   -1.10    -1.01   -0.76    -1.16   -1.00    -1.16
  2009 |   -1.33   -1.31     2.25    -1.40   -1.31     2.81   -1.37    -1.30   -1.32    -1.29
  2010 |   -0.37   -0.44     3.33     0.01   -0.48    -0.44   -0.15     1.51   -0.38    -0.54
  2011 |    1.46   -9.53     4.08     2.64   -5.32     1.26    2.15    -2.28    1.42   -13.39
  2012 |   -0.55   -0.49    -2.68    -0.05   -0.61     1.86   -0.26    -0.76   -0.56    15.62
---------------------------------------------------------------------------------------------

---------------------------------------------------------------------------------------------------------
       |                                          State FIPS code                                        
       |      45       46       47       48       49      50       51       53       54       55       56
-------+-------------------------------------------------------------------------------------------------
Year   |                                                                                                 
  1968 |    1.24     1.04    -1.34    -2.66    -4.72    9.25    -1.26     1.25     2.02    -4.01    -6.07
  1969 |   -5.00     3.47     7.78    18.12     1.81    3.63    27.56    11.29   -24.72   -13.76    -4.63
  1970 |    8.73    21.21    -9.78    13.70     4.73   10.55     5.12    -6.48    -9.23    -9.15    10.15
  1971 |   -6.13   -16.55    -5.55    -5.33    -1.31    4.05    -4.87   -16.02    -5.43    28.84    -4.94
  1972 |   -0.83     3.74     1.03    -3.02     7.15   -0.22    -3.07     5.84     8.92     9.41    -3.07
  1973 |    0.96     6.15    -5.88   -13.93     6.74   -4.27    -4.48     6.59    67.32    -4.35    -4.65
  1974 |   -4.16    -3.39   -16.53   -15.63    -2.32   -1.41    12.20    -4.62   -11.60    28.31   -11.35
  1975 |  -10.48    -7.90    -9.85    -9.62     5.79   -6.00    -8.29     3.38    10.88    -8.13     4.57
  1976 |   -4.48    -4.05    -4.77    -4.88     5.19   -1.75    -5.48    -0.86    -5.39     0.35     4.93
  1977 |    0.04    -4.89     8.70    -1.87     1.81    2.76    -4.79     4.07    -4.36    -0.45    -4.54
  1978 |    5.31    -3.92     4.44    -6.71     0.80   13.44     2.72    -0.21    -6.42    -2.35     9.48
  1979 |   24.30     1.00    -4.47    -4.23    -1.66   -0.46    -6.07     4.66    -5.74    -6.30     7.54
  1980 |   16.45    -6.64    -2.25    -1.62     4.40    3.16     1.91     4.37    -5.58     9.33    -6.51
  1981 |   14.90    -0.37    17.39    19.81    -5.22   -3.53   -16.97    -7.19     4.08    -3.10     0.19
  1982 |    4.80    -1.61     6.53     8.31    -2.24   -0.73    18.11    -5.75     0.69     3.28    13.86
  1983 |    6.41    -3.53     2.89    -1.94     5.79   -4.03    -3.52     1.95    -2.88     2.40    -3.63
  1984 |    2.53    -2.39    -0.12    28.29   -11.14    1.51    -2.39    -0.52    -1.65    -1.08   -11.35
  1985 |   28.09    -0.77     6.12     9.70    -1.42    1.27     1.67    -0.58    -3.25     0.15    -3.45
  1986 |   -1.88    -5.06     3.32     3.19    -1.64    0.16     2.93    -1.53    18.76    -2.36     4.45
  1987 |   -0.10     8.42     1.89    -0.30    -1.73   -3.55    -1.63    -2.07    -1.15    -2.19    -1.55
  1988 |   -1.93    -2.82     1.22    -1.75    -2.91    1.82    -2.83    -3.19    -2.43    -8.04    -2.76
  1989 |    2.20    -2.20     8.04    -0.70    -2.32    1.20    -2.21    -2.72    -1.65    -2.80    -2.12
  1990 |   -0.89     0.95     5.25    -0.54     0.61    2.16    -2.05    -0.78    -1.49    -2.66    -1.96
  1991 |    0.87     0.05     5.28    -0.26     1.87    0.10    -1.66     3.37    -1.14    -2.25    -1.58
  1992 |    1.40     4.19    -2.77     1.95    -0.51   -2.28    -0.17    -1.09     0.63    -1.07    -0.04
  1993 |   -1.85     0.22     2.64     2.74     0.10   -2.72     0.47     2.11     1.34    -0.51     0.62
  1994 |    0.64     2.18     0.78     0.83     2.01   -3.98    -0.40    -1.00     0.08    -0.95    -0.32
  1995 |    2.62     3.20     2.85     4.67     3.00    2.35   -12.17    -0.10     1.70    -0.02     1.04
  1996 |    0.08    -0.93    -0.16    -0.16    -0.97   -1.23    13.96    -1.14    -0.54    -1.12    -0.76
  1997 |    1.68     0.23     1.84     1.84     0.17   -2.67     0.51    -0.21     1.06    -0.16     0.60
  1998 |    2.14     0.73     2.30     2.30     0.66    0.14     1.00     0.29     1.55     8.13     1.09
  1999 |    0.86    -0.03     0.96     0.96    -0.08   -0.41     0.14    -0.32     0.49    -0.36     0.20
  2000 |   -0.81    -1.84    -1.93     2.43     3.00    6.84    -1.85    -1.81    15.50    -1.80   -11.65
  2001 |    1.14    -0.01     1.30     1.17    -0.15   -0.62     0.22    -0.39     0.31    -0.45     0.53
  2002 |    1.03    -0.01     1.18     1.06    -0.14   -0.57     0.20    -0.36     0.28    -0.41     0.48
  2003 |   -1.79     6.76    -2.64    -2.59     1.96   -1.57     5.24    -1.98    21.50    -1.96    -2.34
  2004 |    1.01     1.37     1.19     6.39    -0.32   -0.74    -0.03    -0.50    -0.21    -0.56     0.43
  2005 |    1.58     1.27     1.80     3.17    -0.05   -0.58     0.31    -0.28   -19.18    -0.35     0.87
  2006 |   11.55     0.89     1.52     1.14    -0.23   -7.85   -11.05    -0.45     0.41    -5.84     0.65
  2007 |    0.41    -0.54     0.83     4.13    -0.53   -0.84    -0.02    -0.70    -0.03    -0.68     0.16
  2008 |    5.27     3.42    -0.36     1.34    -1.08   -1.24    -0.80     1.10    -0.81    -1.16    -0.71
  2009 |    0.18    -1.30    -1.44    -0.16     2.42   -1.28    -1.36    -1.29    -1.36    -1.30    37.32
  2010 |   -0.07     1.77     0.24     2.66    -4.09   -0.62    -0.19    -0.57    -0.20    -0.54     1.58
  2011 |   -9.96     0.99     3.35     2.51     4.88    0.67     2.01   -10.59     2.00     0.94     3.26
  2012 |    0.08    -0.75     0.24     0.64    -0.70   -0.88    -0.31    -0.67    -0.32    -3.10     2.41
---------------------------------------------------------------------------------------------------------

********************************************************************************
FIGURE 5. TIMING OF WELFARE REFORM EFFECTS ON INTERGENERATIONAL TRANSMISSION
********************************************************************************


Outcome variable: Daughter currently receives AFDC/TANF


R[35,6]:  Daughter currently receives AFDC/TANF
                  OLS          IV       IV_ll       IV_ul        LINE        QUAD
  PreX_M1   .01760272   .25666024  -.47249707   .98581754    .1954276   .14236446
 Pre16_M1  -.01605165  -.12313176  -.45426523   .20800171  -.16699208  -.13670178
 Pre15_M1  -.02664897  -.04723684  -.27157704   .17710336  -.03980369  -.02178366
 Pre14_M1  -.01933078  -.10021065  -.29595407   .09553276  -.10957906  -.11038308
 Pre13_M1   .04394583   .04836953  -.15902434    .2557634   .04090982    .0460211
 Pre12_M1     .058659   .00055949  -.15670258   .15782156  -.00842822  -.00327605
 Pre11_M1  -.02007816  -.19835562  -.41078571   .01407448   -.2078303  -.21394541
 Pre10_M1  -.01012517    .0193434  -.14531349    .1840003   .02181132   .01990186
  Pre9_M1  -.01088378    .0463075  -.12754343   .22015844   .04201601   .04146065
  Pre8_M1  -.02795961  -.11464274  -.31251197   .08322649  -.12013736  -.11989241
  Pre7_M1  -.03365306  -.00223236  -.16142726   .15696254  -.00322347  -.00494458
  Pre6_M1   .02663844   .10627435  -.00762957   .22017828   .10998751   .11004924
  Pre5_M1  -.01766139    .0253524  -.07605226   .12675706   .02464879   .02572453
  Pre4_M1   .00880435  -.04181644  -.20012162   .11648874  -.03913265  -.03951024
  Pre3_M1  -.00494743  -.04372435  -.14321246   .05576377  -.04129124  -.04562455
  Pre2_M1  -.03170999  -.08392172  -.17096709   .00312365  -.08010002  -.08472621
  Pre1_M1  -.02835772  -.02062959   -.1083492   .06709002  -.01704131  -.02023071
   Reform           0           0           0           0           0           0
 Post1_M1  -.06849812  -.09466396  -.20794287   .01861495  -.09197136  -.08955383
 Post2_M1  -.07294047  -.12210363  -.22555969  -.01864758  -.11616979  -.11340911
 Post3_M1  -.07630598  -.09869226  -.26211097   .06472645  -.09038936  -.08277978
 Post4_M1   -.1041471   -.2074882  -.31263252  -.10234388  -.20881484  -.20700317
 Post5_M1  -.10195495  -.18999108  -.28812351  -.09185866  -.18530774  -.17980473
 Post6_M1  -.10768862  -.20378236  -.31085111  -.09671362   -.2004604  -.19844239
 Post7_M1  -.09929656  -.21863329  -.31403611  -.12323047  -.20626323  -.20299156
 Post8_M1  -.10839818  -.22395907  -.32762478  -.12029336  -.21315146   -.2112334
 Post9_M1  -.11417915  -.22509109  -.32862001  -.12156216  -.19922515  -.19458461
Post10_M1   -.1140144  -.15633639  -.31684074   .00416796  -.13856144  -.13402436
Post11_M1   -.0970678  -.18789012  -.33538939  -.04039085  -.14344447  -.14290561
Post12_M1  -.11488609  -.20340386  -.31022189  -.09658583  -.18473006  -.18398417
Post13_M1  -.11108647  -.22025845  -.31970988  -.12080702  -.20883022  -.20012728
Post14_M1  -.11070682  -.24725729  -.40665908   -.0878555  -.21501106  -.21451138
Post15_M1  -.11951142  -.21208819  -.31844335  -.10573304  -.17283544  -.17204178
Post16_M1  -.12237539  -.21770756  -.33299671  -.10241842  -.19394628  -.18671964
 PostX_M1  -.11100293  -.23557989  -.35246047  -.11869932  -.20892997  -.19155841

Outcome variable: Daughter currently receives AFDC/TANF, SNAP, or SSI


R[35,6]:  Daughter currently receives AFDC/TANF, SNAP, or SSI
                  OLS          IV       IV_ll       IV_ul        LINE        QUAD
  PreX_M1   .03017559  -.16904568  -1.3609025   1.0228112  -.15804877  -.12264939
 Pre16_M1  -.03030761  -.36526247  -.97847254    .2479476  -.28971186  -.27764433
 Pre15_M1  -.06258018  -.26724927  -.68261555     .148117  -.17747233   -.1717364
 Pre14_M1  -.07906071  -.23334395  -.49696642   .03027852  -.20227908  -.21259723
 Pre13_M1   .01414851  -.16486673  -.36463252   .03489905  -.15216914  -.16454421
 Pre12_M1    .0266984  -.12698118  -.46302756   .20906521  -.12361009  -.12357246
 Pre11_M1   .01649018  -.24935827   -.4878468  -.01086974  -.25611294  -.24832466
 Pre10_M1  -.02430426  -.03126929  -.26630888   .20377029  -.04147159  -.03895417
  Pre9_M1   -.0553598  -.03170003  -.24113554   .17773548  -.04785629  -.04435676
  Pre8_M1  -.01344817  -.02483647  -.25190749   .20223454  -.02174189  -.01591433
  Pre7_M1  -.02389556   .04430191  -.16889368    .2574975   .03198434   .03646054
  Pre6_M1   .01087432   .05624238  -.11499577   .22748052   .04396249   .05015196
  Pre5_M1  -.03109222  -.06834489  -.22174691   .08505712  -.08653393  -.08354614
  Pre4_M1  -.00370847  -.00881737  -.19330891   .17567416  -.02961799  -.03019338
  Pre3_M1  -.03628863   -.0631254  -.21738686   .09113606  -.07902397  -.09071878
  Pre2_M1  -.06963586  -.13815136  -.31414314   .03784042  -.14871105  -.16340263
  Pre1_M1  -.03278292  -.08329755  -.21338234   .04678724   -.0903223  -.10919053
   Reform           0           0           0           0           0           0
 Post1_M1  -.07536608  -.10402306   -.2686251   .06057898  -.11099692    -.114718
 Post2_M1  -.04618802  -.10255974   -.3002283   .09510883  -.13521011   -.1445432
 Post3_M1  -.08404091  -.24124096  -.78948859   .30700667  -.26559833  -.26591607
 Post4_M1  -.01751561  -.26330202  -.67381729   .14721325  -.29557678   -.3012286
 Post5_M1  -.12657215  -.06715299  -.27451531   .14020933  -.08833255  -.09127526
 Post6_M1  -.06940206  -.16098515  -.34160698   .01963667  -.20264841  -.20751897
 Post7_M1  -.12531605  -.12975288  -.32779098   .06828521  -.15727438  -.16068183
 Post8_M1  -.11480281  -.13228043   -.2850214   .02046054  -.16431783   -.1684103
 Post9_M1  -.03694047   .08514723  -.08984416   .26013861   .06756711    .0664306
Post10_M1  -.07443527    .2242297  -.42217238   .87063178   .21506419   .21783793
Post11_M1   .00237892   .17587954  -.15276783    .5045269   .12702037   .11700356
Post12_M1  -.05213924  -.03117942  -.21631473   .15395589   -.0408607  -.04216746
Post13_M1   .01260117   .12974584   -.1230959   .38258758   .10306789   .11535861
Post14_M1  -.03639825    .0719369  -.19214919     .336023   .04811732   .03926154
Post15_M1   .00542296   .06572104  -.16450455   .29594664   .04249692   .03862395
Post16_M1  -.02173734  -.00134343  -.26765361   .26496675   -.0415107  -.05046467
 PostX_M1   .01826192   .07453631  -.12551981   .27459244   .05445134   .06351149

********************************************************************************
FIGURE 6. TIMING OF WELFARE REFORM EFFECTS FOR ADDITIONAL DAUGHTER OUTCOMES OF INTEREST
********************************************************************************


Outcome variable: Daughter's family currently has no earnings


R[35,6]:  Daughter's family currently has no earnings
                  OLS          IV       IV_ll       IV_ul        LINE        QUAD
  PreX_M1  -.06171859  -.07705085  -.65924875   .50514705   .05328201  -.05641209
 Pre16_M1  -.03511114  -.14787092  -.45283885   .15709701  -.09367637  -.12318366
 Pre15_M1  -.01944329   .00295391  -.29047866   .29638647   .05793724   .03481294
 Pre14_M1   .01332431   .00162725  -.22727722   .23053173   .02953087   .00504966
 Pre13_M1  -.03432067  -.10836811  -.26265558   .04591936   -.0862878  -.09713031
 Pre12_M1  -.00780066  -.14141049  -.33451328    .0516923  -.12566482   -.1288275
 Pre11_M1    .0170581  -.04667176  -.18115355   .08781003  -.04027204  -.04842577
 Pre10_M1    .0147771  -.04848501  -.19368577   .09671575  -.05453601  -.05511101
  Pre9_M1  -.01633676  -.16362791  -.31834304  -.00891277  -.16337782   -.1580152
  Pre8_M1   .00669119  -.18437789  -.36359842  -.00515736  -.17670349  -.16802372
  Pre7_M1   -.0221316    -.163892  -.33837063   .01058664  -.16106518  -.14513096
  Pre6_M1   .02476687  -.03818242  -.19834444    .1219796  -.04173788  -.02394657
  Pre5_M1   .01631274   .03535716  -.07309413   .14380844    .0280496    .0432379
  Pre4_M1   -.0419233  -.03752354  -.17032372   .09527663  -.05214283  -.03898864
  Pre3_M1  -.02835333  -.02371541  -.13838637   .09095555  -.05149109  -.04526398
  Pre2_M1  -.04981685  -.02468441  -.16894149   .11957267  -.05047624  -.04498013
  Pre1_M1  -.01006535   .03060265  -.10455838   .16576369   .00739872   .01113866
   Reform           0           0           0           0           0           0
 Post1_M1  -.05063032   -.0074653  -.13375616   .11882556  -.02774141  -.01924752
 Post2_M1  -.01940976   .06338483  -.14746007   .27422974   .02748394   .03776054
 Post3_M1  -.03247389   .00435688  -.24407479   .25278855  -.04023054  -.01739851
 Post4_M1   .02757096  -.24961984  -.65428627    .1550466  -.29381041  -.28272711
 Post5_M1  -.03443503    -.053106  -.19967395   .09346195  -.07202189  -.06389784
 Post6_M1   .00203759   .01665884  -.11014681   .14346449  -.01987637   -.0109465
 Post7_M1  -.06159259   -.0504031  -.27995527   .17914907   -.0919412  -.08326208
 Post8_M1  -.06119315  -.02003743  -.22565436    .1855795  -.06464122  -.06278179
 Post9_M1  -.00700942   .07198862  -.10160656   .24558379   .02290665   .02250104
Post10_M1  -.06513495   .11189612  -.24452507   .46831731    .0512697   .06343811
Post11_M1   .02827295   .09320862  -.13135089   .31776814   .02490166   .00992421
Post12_M1   .03017602    .0624292  -.13816694   .26302535   .02302318   .01961272
Post13_M1  -.02056416  -.02333615  -.17031721   .12364491  -.05408058  -.05469022
Post14_M1  -.02732188  -.09119904  -.29718925   .11479118  -.14609918  -.15743538
Post15_M1   .01997389   .02589458  -.17259021   .22437938  -.04249141  -.06440344
Post16_M1  -.03537401  -.09681893  -.31141218   .11777431  -.14771107  -.15711619
 PostX_M1  -.04857516  -.20983634  -.41464229   -.0050304  -.26203545  -.27461905

Outcome variable: Daughter's current earnings are below 100 percent poverty


R[35,6]:  Daughter's current earnings are below 100 percent poverty
                  OLS          IV       IV_ll       IV_ul        LINE        QUAD
  PreX_M1   .06088576   .28270593  -1.0098565   1.5752683   .49930542   .46419123
 Pre16_M1  -.06881645  -.20581539  -.91396393   .50233315  -.08917838  -.10014587
 Pre15_M1  -.04663768  -.16838772  -.59461164    .2578362  -.06276741  -.04994792
 Pre14_M1  -.07671942   -.2891296  -.60409955   .02584036  -.23350925  -.23896012
 Pre13_M1  -.04005386  -.23548568  -.53874367   .06777232  -.21363348  -.19049237
 Pre12_M1  -.02410478  -.45385761  -.78330825  -.12440697  -.44184749  -.42172546
 Pre11_M1  -.02970051  -.25975324  -.56183693   .04233044   -.2559076  -.26619775
 Pre10_M1  -.06055384  -.23594358  -.50528267    .0333955  -.23852851  -.24655098
  Pre9_M1  -.05059827  -.16726359  -.40247503   .06794785  -.17134229  -.17313143
  Pre8_M1  -.00155395  -.12468654  -.37584277    .1264697  -.11505317  -.10890391
  Pre7_M1  -.01620829  -.02302168  -.27890205   .23285869  -.02846467  -.01835275
  Pre6_M1   .07264135   .10274762  -.07427749   .27977273   .08937679    .1030125
  Pre5_M1   .00486034   .11732439  -.04209882   .27674761   .09403454   .10444464
  Pre4_M1  -.03038903  -.10447074  -.30638494   .09744347  -.13838609  -.13550815
  Pre3_M1  -.06028658  -.13866528  -.35031753   .07298698  -.17647397  -.18759787
  Pre2_M1  -.06940807  -.08670401  -.28804976   .11464174  -.12375707  -.13368624
  Pre1_M1  -.02003365  -.01840134  -.20220845   .16540577  -.05228087  -.06366319
   Reform           0           0           0           0           0           0
 Post1_M1  -.07136835  -.06696641  -.31608623   .18215341  -.10938687  -.10901318
 Post2_M1  -.03921694  -.03380499  -.28473948   .21712949  -.09122365  -.08906537
 Post3_M1  -.05619103  -.09935749  -.67991647   .48120149  -.15358535  -.13189212
 Post4_M1   .05249265  -.19812624  -.53891915   .14266667   -.2641216  -.25930788
 Post5_M1  -.10525481  -.11419369  -.35697432   .12858694  -.15518074  -.14914601
 Post6_M1  -.02804902  -.08905344  -.27540529   .09729841  -.14035729  -.13994873
 Post7_M1  -.10490613   -.1713346   -.4139661    .0712969  -.23756893  -.23569404
 Post8_M1  -.09157401  -.09367524   -.3764785   .18912802  -.16084874  -.16850658
 Post9_M1  -.05469313    .0497359  -.17255157   .27202336  -.02131448  -.03252438
Post10_M1  -.09873827   .27979106  -.56339006   1.1229722   .21430862    .2248615
Post11_M1  -.03963764    .0216399  -.29384737   .33712717  -.08078789  -.09997804
Post12_M1  -.01739134   .07168476   -.1745723   .31794182   .01301123   .00455276
Post13_M1  -.01523066   -.1284417  -.44094316   .18405975  -.18845656  -.18293195
Post14_M1  -.08973039  -.13241185  -.47941605   .21459236  -.19993716  -.21061864
Post15_M1  -.01565547  -.07513287  -.35409757   .20383182  -.14431522  -.16679879
Post16_M1  -.03709102   -.1969907  -.49867597   .10469458  -.25484567  -.25471856
 PostX_M1  -.06709557  -.25266005  -.57833017   .07301006  -.28478709  -.28223095

Outcome variable: Daughter is unmarried or non-cohabiting


R[35,6]:  Daughter is unmarried or non-cohabiting
                  OLS          IV       IV_ll       IV_ul        LINE        QUAD
  PreX_M1   .07905239   .07923036  -1.7517029   1.9101636   .30893024   .35988471
 Pre16_M1   .00934515  -.23870729  -1.2543426   .77692801  -.08533299  -.06526858
 Pre15_M1  -.07112361  -.34120719    -1.12019   .43777562  -.21508122  -.22350698
 Pre14_M1  -.05599989  -.36508727  -.81410097   .08392644  -.32216832  -.32909486
 Pre13_M1  -.05606713   -.1510731  -.55109629   .24895009  -.12807187   -.1035903
 Pre12_M1  -.02203817  -.38020176  -.73460509  -.02579843  -.35266828  -.35002828
 Pre11_M1  -.06881416  -.08783216  -.34198507   .16632075  -.03353614  -.05273932
 Pre10_M1  -.04555958   .18998973  -.11941618   .49939564   .20214878   .19301877
  Pre9_M1  -.01298276   .16053702  -.15113478   .47220882   .18429525   .16485838
  Pre8_M1  -.00170189    .0990168  -.15199652   .35003012   .13154037   .11620468
  Pre7_M1   .02937248   .12395124  -.13075914   .37866163   .12623634   .11827357
  Pre6_M1   .05133723   .20353263  -.02594469   .43300994   .18593569   .18926334
  Pre5_M1   .02825029   .06449544  -.21391311   .34290398   .03191183   .04045636
  Pre4_M1   .01128215   .03067874  -.22982906   .29118654  -.03096853   -.0250471
  Pre3_M1   .03531037  -.01474173  -.30304944   .27356598  -.06753757  -.06881704
  Pre2_M1   .01330944  -.00799064  -.26911756   .25313629  -.07407417   -.0769019
  Pre1_M1   .01516506   .06420255  -.16543192   .29383701  -.00062601  -.00159173
   Reform           0           0           0           0           0           0
 Post1_M1  -.01058018   .08945169  -.24713287   .42603624   .00258657   .01084562
 Post2_M1  -.01842747  -.26980482  -.83804967   .29844004  -.38432592  -.37890411
 Post3_M1  -.00028744    .0087725  -.40326427   .42080928    -.089494  -.08608054
 Post4_M1   .02617335  -.17918859    -.578619   .22024183  -.29300674    -.287403
 Post5_M1   .02211871   .10349398  -.31137959   .51836754   .04848145   .05875421
 Post6_M1  -.00942246   .06928452  -.34447212   .48304115  -.05190084  -.04858332
 Post7_M1  -.09731404  -.08166907  -.47512839   .31179026  -.23610631  -.23072113
 Post8_M1  -.01442368  -.02972266  -.36152834   .30208302  -.15478597  -.15686402
 Post9_M1   .02075935   .10464413  -.22756623   .43685449  -.01656929  -.01498727
Post10_M1  -.08205647  -.00625673  -.47338205   .46086859   -.1249696  -.12242171
Post11_M1   .02814712   .23380603  -.19889076   .66650282   .06757906    .0359861
Post12_M1  -.07113457  -.22610624  -.72477255   .27256008  -.34393781  -.34672324
Post13_M1   .07446395   .04934042  -.42476649   .52344733  -.08773474  -.09044042
Post14_M1   .00221392  -.03462498  -.44013673   .37088676  -.18716356  -.18492558
Post15_M1   .03592893  -.00786275  -.48594035   .47021486  -.17781436  -.17627391
Post16_M1   .01645627   .20980386  -.25581033   .67541806   .05176583   .05284012
 PostX_M1   .09793138  -.04770384  -.43102341   .33561574  -.14762544  -.14358032

Outcome variable: Daughter changed state of residence in the last year


R[35,6]:  Daughter changed state of residence in the last year
                  OLS          IV       IV_ll       IV_ul        LINE        QUAD
  PreX_M1   .06651754   .08337252  -.22871529   .39546032   .06942403   .06554392
 Pre16_M1   -.0703036  -.10437701   -.3635924   .15483839  -.11455382  -.10650732
 Pre15_M1   .02998343   .20118922  -.09641364   .49879209   .19411271   .19276712
 Pre14_M1  -.04095369    .0021376  -.25853991   .26281511  -.00239682   -.0049578
 Pre13_M1  -.01820223  -.12198142  -.40503156   .16106871  -.11858663  -.12535859
 Pre12_M1   .01227341  -.01134498  -.15544334   .13275339  -.00053156  -.00174982
 Pre11_M1   .01136728  -.04732245   -.2980054    .2033605  -.03979362  -.04285772
 Pre10_M1  -.00629888  -.03838139   -.2328401   .15607732  -.02867441   -.0304729
  Pre9_M1  -.00027239  -.12603736  -.35910658   .10703186   -.1137481  -.11209278
  Pre8_M1   .01354371   .20046614   .00607586   .39485642   .20701125   .20782328
  Pre7_M1   .00162577  -.03645417  -.27128799   .19837966  -.03651918  -.03634242
  Pre6_M1   -.0134005  -.05819006  -.25524226   .13886215  -.06039706   -.0613447
  Pre5_M1   .00320204  -.03826367  -.16862548   .09209814  -.04128127  -.04464919
  Pre4_M1  -.00034863   .06185186  -.04130523   .16500896   .05635224    .0533503
  Pre3_M1  -.00201696  -.15563417  -.34468142   .03341309  -.15267888  -.15517585
  Pre2_M1   -.0054543   .12100832   .02080101   .22121563   .12255248   .12073471
  Pre1_M1  -.00502921   .16425196   .08339599   .24510794   .16430196   .16195249
   Reform           0           0           0           0           0           0
 Post1_M1  -.00398515   .01769412  -.09181152   .12719976   .01095201   .01015916
 Post2_M1  -.00010679   .05539126  -.00901845   .11980097   .05199511   .04982989
 Post3_M1   .00030165   .03158979  -.08545147   .14863106   .03422064   .03528555
 Post4_M1  -.02057372   .06416898  -.01422244   .14256039   .05937553   .05699486
 Post5_M1  -.01951958   .00463284  -.06957628   .07884196  -.00902206  -.01182855
 Post6_M1  -.00977939   .06808359   .02362657   .11254062   .05767319   .05498232
 Post7_M1    -.007552   .04493891   .00558669   .08429114   .03681945   .03326791
 Post8_M1  -.00928255   .03022627  -.02343374   .08388628   .00931905   .00468784
 Post9_M1  -.01444713   .03913807  -.03599089   .11426703   .02646654   .01980978
Post10_M1  -.01225389  -.02029007  -.17658061   .13600048  -.03662606  -.04270932
Post11_M1   .01079286    .0656368  -.03484114   .16611474   .03581627   .04107388
Post12_M1  -.00049312    .0649085   .00816086   .12165614    .0497421    .0496499
Post13_M1  -.01119517   .01614161  -.05558224   .08786546   .00064681   -.0003148
Post14_M1   .00289581   .05593391  -.03875292   .15062073     .038677   .03855709
Post15_M1   -.0134106   .03619403  -.03535004   .10773809   .02612387   .02409381
Post16_M1   .00293912   .05041528  -.00977818   .11060874   .03646876   .04141378
 PostX_M1  -.00541704   .04353978  -.01288569   .09996525   .03332303    .0357006

. 
. /* Manuscript tables */
. foreach t of numlist 1/7 {
  2.         run JPE-MS-2017407_Table_`t'
  3. }

********************************************************************************
TABLE 1. INTERGENERATIONAL WELFARE PARTICIPATION CORRELATIONS WITHIN
WELFARE REGIMES PRE- OR POST-REFORM
********************************************************************************

.                 set seed 10
.                 sort C_ID year
.         }
1000 bootstrap replications

--------------------------------------------------------------------------------------------------------------
    Variable | r0_w1_C~T   r1_w1_C~T   r0_w1_I~T   r1_w1_I~T   r0_w2_C~T   r1_w2_C~T   r0_w2_I~T   r1_w2_I~T  
-------------+------------------------------------------------------------------------------------------------
     M1c1218 |     0.210       0.078       0.228       0.087       0.300       0.305       0.313       0.313  
             |     0.027       0.034       0.028       0.032       0.033       0.079       0.034       0.074  
-------------+------------------------------------------------------------------------------------------------
           d |                -0.132                  -0.141                   0.005                  -0.000  
         d_p |                 0.004                   0.002                   0.909                   0.966  
          pd |               -63.013                 -61.969                   1.556                  -0.047  
        pd_p |                 0.001                   0.000                   0.873                   0.993  
           N |      1254         476        1254         476        1254         476        1254         476  
--------------------------------------------------------------------------------------------------------------
                                                                                                  Legend: b/se

********************************************************************************
TABLE 2. INTERGENERATIONAL AFDC/TANF PARTICIPATION WITHIN WELFARE REGIMES
PRE- OR POST-REFORM BY SUBSAMPLES FOR LOW MATERNAL EDUCATION AND INCOME
********************************************************************************

.                 set seed 10
.                 sort C_ID year
.         }
1000 bootstrap replications

A. Low-educated mothers

--------------------------------------------------------------------------------------------------------------
    Variable | r0_w1_C~u   r1_w1_C~u   r0_w1_I~u   r1_w1_I~u   r0_w2_C~u   r1_w2_C~u   r0_w2_I~u   r1_w2_I~u  
-------------+------------------------------------------------------------------------------------------------
     M1c1218 |     0.228       0.027       0.240       0.024       0.323       0.129       0.323       0.143  
             |     0.030       0.034       0.031       0.032       0.037       0.116       0.037       0.106  
-------------+------------------------------------------------------------------------------------------------
           d |                -0.201                  -0.216                  -0.194                  -0.181  
         d_p |                 0.000                   0.000                   0.320                   0.334  
          pd |               -88.048                 -90.004                 -60.125                 -55.848  
        pd_p |                 0.000                   0.000                   0.330                   0.343  
           N |       968         200         968         200         968         200         968         200  
--------------------------------------------------------------------------------------------------------------
                                                                                                  Legend: b/se

B. Low-income mothers

--------------------------------------------------------------------------------------------------------------
    Variable | r0_w1_C~v   r1_w1_C~v   r0_w1_I~v   r1_w1_I~v   r0_w2_C~v   r1_w2_C~v   r0_w2_I~v   r1_w2_I~v  
-------------+------------------------------------------------------------------------------------------------
     M1c1218 |     0.190       0.088       0.224       0.097       0.272       0.266       0.293       0.277  
             |     0.035       0.037       0.036       0.037       0.042       0.087       0.043       0.082  
-------------+------------------------------------------------------------------------------------------------
           d |                -0.103                  -0.127                  -0.006                  -0.016  
         d_p |                 0.055                   0.021                   0.968                   0.839  
          pd |               -53.935                 -56.591                  -2.289                  -5.476  
        pd_p |                 0.038                   0.008                   0.966                   0.903  
           N |       727         373         727         373         727         373         727         373  
--------------------------------------------------------------------------------------------------------------
                                                                                                  Legend: b/se

********************************************************************************
TABLE 3. DAUGHTER'S WELFARE PARTICIPATION PROBABILITY PRE- AND POST-REFORM
BY MOTHER'S AFDC/TANF PARTICIPATION AND DAUGHTER'S EDUCATIONAL ATTAINMENT
********************************************************************************


Table3[8,8]
               SNAP|SSI ~y:                AFDC/TANF~y:                Both AFDC~I:                Either AF~I:              
                    Before         After        Before         After        Before         After        Before         After
No welfare~g         0.064         0.224         0.014         0.005         0.106         0.095         0.185         0.324
Change aft~m             .         0.160             .        -0.009             .        -0.011             .         0.139
Mother par~F         0.150         0.440         0.029         0.005         0.413         0.330         0.592         0.774
Change aft~m             .         0.290             .        -0.025             .        -0.083             .         0.181
More than ~n         0.051         0.298         0.041         0.000         0.337         0.211         0.429         0.509
Change aft~m             .         0.247             .        -0.041             .        -0.126             .         0.080
High schoo~s         0.179         0.513         0.026         0.007         0.435         0.391         0.640         0.910
Change aft~m             .         0.334             .        -0.019             .        -0.044             .         0.270

********************************************************************************
TABLE 4. INTERGENERATIONAL TRANSMISSION OF MOTHER'S AFDC/TANF PARTICIPATION
********************************************************************************


--------------------------------------------------------------------------------------------------------------
    Variable |  reg1D1      reg2D1      reg3D1      reg4D1      reg1D2      reg2D2      reg3D2      reg4D2    
-------------+------------------------------------------------------------------------------------------------
          M1 |     0.145       0.268                               0.226       0.299                          
             |     0.013       0.049                               0.018       0.073                          
           R |     0.038       0.069                               0.002      -0.014                          
             |     0.009       0.021                               0.013       0.028                          
        R_M1 |    -0.100      -0.183                              -0.041       0.040                          
             |     0.015       0.046                               0.017       0.074                          
      MC1_M1 |                             0.240       0.425                                                  
             |                             0.021       0.085                                                  
       MC1_R |                             0.053       0.086                                                  
             |                             0.017       0.034                                                  
    MC1_R_M1 |                            -0.135      -0.218                                                  
             |                             0.030       0.083                                                  
      MC2_M1 |                                                                             0.296       0.369  
             |                                                                             0.024       0.100  
       MC2_R |                                                                            -0.013      -0.050  
             |                                                                             0.020       0.039  
    MC2_R_M1 |                                                                            -0.017       0.152  
             |                                                                             0.025       0.105  
-------------+------------------------------------------------------------------------------------------------
      idstat |                23.157                  21.969                  23.157                  22.273  
         idp |                 0.000                   0.000                   0.000                   0.000  
           j |                 1.315                   1.384                   2.050                   2.271  
          jp |                 0.518                   0.500                   0.359                   0.321  
       lvlch |   -69.249     -68.165     -56.530     -51.191     -18.248      13.446      -5.841      41.254  
     lvlch_p |     0.000       0.000       0.000       0.000       0.011       0.621       0.480       0.266  
       pctch |   -46.090     -44.189     -39.809     -32.416     -13.121      20.561      -5.066      42.417  
     pctch_p |     0.001       0.029       0.006       0.105       0.084       0.477       0.544       0.257  
          ng |  2961.000    2961.000    2961.000    2961.000    2961.000    2961.000    2961.000    2961.000  
           N |     56068       56068       56068       56068       56068       56068       56068       56068  
--------------------------------------------------------------------------------------------------------------
                                                                                                  Legend: b/se

********************************************************************************
TABLE 5. ROBUSTNESS CHECKS FOR MOTHER'S AFDC/TANF PARTICIPATION EFFECT BY
ADDRESSING POTENTIAL LIFE-CYCLE BIAS OR GEOGRAPHIC MOBILITY
********************************************************************************

Note: Lee-Solon-type bias corrected estimates in reg3-re4 are displayed with the
statistics below the coefficients (with a suffix of "_LS").

----------------------------------------------------------------------------------------------------------------------
    Variable |    reg1         reg2         reg3         reg4         reg5         reg6         reg7         reg8     
-------------+--------------------------------------------------------------------------------------------------------
    M1_A2545 |      0.206        0.457                                                                                
             |      0.020        0.102                                                                                
           R |      0.067        0.115        0.027        0.045        0.044        0.083        0.053        0.116  
             |      0.021        0.045        0.011        0.048        0.011        0.031        0.014        0.050  
  R_M1_A2545 |     -0.125       -0.216                                                                                
             |      0.033        0.106                                                                                
          M1 |                                0.178        0.366        0.167        0.318        0.182        0.421  
             |                                0.016        0.077        0.018        0.071        0.022        0.100  
        R_M1 |                               -0.116       -0.170       -0.117       -0.228       -0.131       -0.312  
             |                                0.023        0.118        0.019        0.074        0.025        0.108  
-------------+--------------------------------------------------------------------------------------------------------
        M_LS |                                0.113        0.256                                                      
      M_LS_s |                                0.010        0.038                                                      
        R_LS |                                0.020        0.050                                                      
      R_LS_s |                                0.008        0.022                                                      
      R_M_LS |                               -0.062       -0.144                                                      
    R_M_LS_s |                                0.015        0.049                                                      
      idstat |                  18.249                    19.560                    18.087                    13.308  
         idp |                   0.000                     0.052                     0.000                     0.004  
           j |                   2.950                    15.844                     1.068                     0.613  
          jp |                   0.229                     0.104                     0.586                     0.736  
          ng |   2086.000     2086.000     2961.000     2961.000     2619.000     2619.000     1961.000     1961.000  
           N |      15718        15718        56068        56068        44131        44131        36404        36404  
----------------------------------------------------------------------------------------------------------------------
                                                                                                          Legend: b/se

********************************************************************************
TABLE 6. MOTHER'S AFDC/TANF PARTICIPATION EFFECT ON
DAUGHTER'S LABOR MARKET AND ADULT FAMILY OUTCOMES, AGES 19 AND OVER
********************************************************************************


----------------------------------------------------------------------------------------------------------------------
    Variable | reg1D_no~n   reg2D_no~n   reg3D_~100   reg4D_~100   reg5D_si~e   reg6D_si~e   reg7D_mo~r   reg8D_mo~r  
-------------+--------------------------------------------------------------------------------------------------------
          M1 |      0.126        0.142        0.246        0.352        0.226        0.387       -0.000       -0.033  
             |      0.017        0.059        0.022        0.089        0.027        0.128        0.003        0.015  
           R |      0.005       -0.009        0.003       -0.014        0.012        0.012        0.008       -0.003  
             |      0.013        0.018        0.020        0.031        0.023        0.049        0.003        0.007  
        R_M1 |     -0.013        0.048       -0.038        0.061        0.004        0.050       -0.007        0.028  
             |      0.016        0.049        0.021        0.086        0.032        0.138        0.004        0.018  
-------------+--------------------------------------------------------------------------------------------------------
      idstat |                  23.225                    23.225                    23.225                    23.225  
         idp |                   0.000                     0.000                     0.000                     0.000  
           j |                   1.174                     0.396                     1.419                     0.985  
          jp |                   0.556                     0.820                     0.492                     0.611  
          ng |   2960.000     2960.000     2960.000     2960.000     2960.000     2960.000     2960.000     2960.000  
           N |      54496        54496        54496        54496        54496        54496        54496        54496  
----------------------------------------------------------------------------------------------------------------------
                                                                                                          Legend: b/se

********************************************************************************
TABLE 7. MOTHER'S AFDC/TANF PARTICIPATION EFFECT RELATIVE TO
DAUGHTER'S EARLY LIFE OUTCOMES AND EXPOSURE TIMING MECHANISMS
********************************************************************************


--------------------------------------------------------------------------------------------------------------
    Variable |   reg1        reg2        reg3        reg4        reg5        reg6        reg7        reg8     
-------------+------------------------------------------------------------------------------------------------
          M1 |     0.259       0.555       0.282       0.722                                           0.071  
             |     0.035       0.182       0.042       0.165                                           0.022  
           R |     0.047       0.084      -0.012       0.033       0.064       0.050       0.055       0.039  
             |     0.028       0.059       0.025       0.058       0.023       0.014       0.016       0.010  
        R_M1 |    -0.012      -0.066      -0.004      -0.047                                          -0.126  
             |     0.035       0.145       0.042       0.112                                           0.018  
         M1r |                                                     0.293                                      
             |                                                     0.063                                      
       R_M1r |                                                    -0.197                                      
             |                                                     0.059                                      
     M1s_gt1 |                                                                 0.252                          
             |                                                                 0.051                          
   R_M1s_gt1 |                                                                -0.161                          
             |                                                                 0.045                          
     M1s_gt5 |                                                                             0.386              
             |                                                                             0.109              
   R_M1s_gt5 |                                                                            -0.280              
             |                                                                             0.088              
-------------+------------------------------------------------------------------------------------------------
      idstat |                23.157                  23.157      19.751      20.545      15.891              
         idp |                 0.000                   0.000       0.000       0.000       0.001              
           j |                 1.394                   2.336       1.920       2.424       4.508              
          jp |                 0.498                   0.311       0.383       0.298       0.105              
          ng |  2961.000    2961.000    2961.000    2961.000    2961.000    2961.000    2961.000    2961.000  
           N |     56068       56068       56068       56068       56068       56068       56068       56068  
--------------------------------------------------------------------------------------------------------------
                                                                                                  Legend: b/se

. 
. ********************************************************************************
. display "${S_DATE} ${S_TIME}"
15 Aug 2021 10:35:02

. capture log close
